#
# There is insufficient memory for the Java Runtime Environment to continue.
# Native memory allocation (mmap) failed to map 266338304 bytes for Failed to commit area from 0x0000000702200000 to 0x0000000712000000 of length 266338304.
# Possible reasons:
#   The system is out of physical RAM or swap space
#   The process is running with CompressedOops enabled, and the Java Heap may be blocking the growth of the native heap
# Possible solutions:
#   Reduce memory load on the system
#   Increase physical memory or swap space
#   Check if swap backing store is full
#   Decrease Java heap size (-Xmx/-Xms)
#   Decrease number of Java threads
#   Decrease Java thread stack sizes (-Xss)
#   Set larger code cache with -XX:ReservedCodeCacheSize=
#   JVM is running with Zero Based Compressed Oops mode in which the Java heap is
#     placed in the first 32GB address space. The Java Heap base address is the
#     maximum limit for the native heap growth. Please use -XX:HeapBaseMinAddress
#     to set the Java Heap base and to place the Java Heap above 32GB virtual address.
# This output file may be truncated or incomplete.
#
#  Out of Memory Error (./open/src/hotspot/os/windows/os_windows.cpp:3315), pid=26532, tid=16440
#
# JRE version:  (14.0.2+12) (build )
# Java VM: OpenJDK 64-Bit Server VM (14.0.2+12-46, mixed mode, sharing, tiered, compressed oops, g1 gc, windows-amd64)
# No core dump will be written. Minidumps are not enabled by default on client versions of Windows
#

---------------  S U M M A R Y ------------

Command Line: -Dfile.encoding=Cp1252 -XX:+ShowCodeDetailsInExceptionMessages rationals.main

Host: Intel(R) Core(TM) i7-7700HQ CPU @ 2.80GHz, 8 cores, 15G,  Windows 10 , 64 bit Build 18362 (10.0.18362.1110)
Time: Sun Nov  1 20:21:07 2020 Jerusalem Standard Time elapsed time: 0 seconds (0d 0h 0m 0s)

---------------  T H R E A D  ---------------

Current thread (0x000001b8195de800):  JavaThread "Unknown thread" [_thread_in_vm, id=16440, stack(0x0000009e2d100000,0x0000009e2d200000)]

Stack: [0x0000009e2d100000,0x0000009e2d200000]
Native frames: (J=compiled Java code, j=interpreted, Vv=VM code, C=native code)
V  [jvm.dll+0x5f8a9a]
V  [jvm.dll+0x74247a]
V  [jvm.dll+0x743c2f]
V  [jvm.dll+0x744273]
V  [jvm.dll+0x20d288]
V  [jvm.dll+0x5f5dea]
V  [jvm.dll+0x5eac45]
V  [jvm.dll+0x2c7e9c]
V  [jvm.dll+0x2c7cd2]
V  [jvm.dll+0x2cdbbc]
V  [jvm.dll+0x313fe8]
V  [jvm.dll+0x313710]
V  [jvm.dll+0x2a092a]
V  [jvm.dll+0x2a1a79]
V  [jvm.dll+0x71fd48]
V  [jvm.dll+0x321c14]
V  [jvm.dll+0x70112c]
V  [jvm.dll+0x392def]
V  [jvm.dll+0x394e61]
C  [jli.dll+0x524b]
C  [ucrtbase.dll+0x210b2]
C  [KERNEL32.DLL+0x17c24]
C  [ntdll.dll+0x6cea1]


---------------  P R O C E S S  ---------------

Threads class SMR info:
_java_thread_list=0x00007ff927ba3038, length=0, elements={
}

Java Threads: ( => current thread )

Other Threads:
  0x000001b819645000 GCTaskThread "GC Thread#0" [stack: 0x0000009e2d200000,0x0000009e2d300000] [id=8588]
  0x000001b819667000 ConcurrentGCThread "G1 Main Marker" [stack: 0x0000009e2d300000,0x0000009e2d400000] [id=31516]
  0x000001b81966b000 ConcurrentGCThread "G1 Conc#0" [stack: 0x0000009e2d400000,0x0000009e2d500000] [id=8184]

[error occurred during error reporting (printing all threads), id 0xc0000005, EXCEPTION_ACCESS_VIOLATION (0xc0000005) at pc=0x00007ff9273d1257]

VM state:not at safepoint (not fully initialized)

VM Mutex/Monitor currently owned by a thread:  ([mutex/lock_event])
[0x000001b8195da830] Heap_lock - owner thread: 0x000001b8195de800

Heap address: 0x0000000702200000, size: 4062 MB, Compressed Oops mode: Zero based, Oop shift amount: 3
Narrow klass base: 0x0000000000000000, Narrow klass shift: 0

GC Heap History (0 events):
No events

Deoptimization events (0 events):
No events

Classes unloaded (0 events):
No events

Classes redefined (0 events):
No events

Internal exceptions (0 events):
No events

Events (2 events):
Event: 0.007 Loaded shared library C:\Users\Jacob\.p2\pool\plugins\org.eclipse.justj.openjdk.hotspot.jre.full.win32.x86_64_14.0.2.v20200815-0932\jre\bin\java.dll
Event: 0.008 Loaded shared library C:\Users\Jacob\.p2\pool\plugins\org.eclipse.justj.openjdk.hotspot.jre.full.win32.x86_64_14.0.2.v20200815-0932\jre\bin\zip.dll


Dynamic libraries:
0x00007ff641be0000 - 0x00007ff641bed000 	C:\Users\Jacob\.p2\pool\plugins\org.eclipse.justj.openjdk.hotspot.jre.full.win32.x86_64_14.0.2.v20200815-0932\jre\bin\javaw.exe
0x00007ff974d20000 - 0x00007ff974f10000 	C:\WINDOWS\SYSTEM32\ntdll.dll
0x00007ff9743c0000 - 0x00007ff974472000 	C:\WINDOWS\System32\KERNEL32.DLL
0x00007ff972770000 - 0x00007ff972a15000 	C:\WINDOWS\System32\KERNELBASE.dll
0x00007ff972650000 - 0x00007ff97274a000 	C:\WINDOWS\System32\ucrtbase.dll
0x00007ff94b490000 - 0x00007ff94b4a5000 	C:\Users\Jacob\.p2\pool\plugins\org.eclipse.justj.openjdk.hotspot.jre.full.win32.x86_64_14.0.2.v20200815-0932\jre\bin\VCRUNTIME140.dll
0x00007ff942ec0000 - 0x00007ff942ed8000 	C:\Users\Jacob\.p2\pool\plugins\org.eclipse.justj.openjdk.hotspot.jre.full.win32.x86_64_14.0.2.v20200815-0932\jre\bin\jli.dll
0x00007ff973a60000 - 0x00007ff973bf4000 	C:\WINDOWS\System32\USER32.dll
0x00007ff972cc0000 - 0x00007ff972ce1000 	C:\WINDOWS\System32\win32u.dll
0x00007ff9564e0000 - 0x00007ff956764000 	C:\WINDOWS\WinSxS\amd64_microsoft.windows.common-controls_6595b64144ccf1df_6.0.18362.1139_none_9e7bf2d3e4605ac6\COMCTL32.dll
0x00007ff974010000 - 0x00007ff974036000 	C:\WINDOWS\System32\GDI32.dll
0x00007ff9749a0000 - 0x00007ff974a3e000 	C:\WINDOWS\System32\msvcrt.dll
0x00007ff972b20000 - 0x00007ff972cb6000 	C:\WINDOWS\System32\gdi32full.dll
0x00007ff973c00000 - 0x00007ff973f35000 	C:\WINDOWS\System32\combase.dll
0x00007ff972580000 - 0x00007ff97261e000 	C:\WINDOWS\System32\msvcp_win.dll
0x00007ff974b10000 - 0x00007ff974c30000 	C:\WINDOWS\System32\RPCRT4.dll
0x00007ff972d50000 - 0x00007ff972dd0000 	C:\WINDOWS\System32\bcryptPrimitives.dll
0x00007ff973620000 - 0x00007ff97364e000 	C:\WINDOWS\System32\IMM32.DLL
0x00007ff942e20000 - 0x00007ff942ebb000 	C:\Users\Jacob\.p2\pool\plugins\org.eclipse.justj.openjdk.hotspot.jre.full.win32.x86_64_14.0.2.v20200815-0932\jre\bin\msvcp140.dll
0x00007ff927120000 - 0x00007ff927c3e000 	C:\Users\Jacob\.p2\pool\plugins\org.eclipse.justj.openjdk.hotspot.jre.full.win32.x86_64_14.0.2.v20200815-0932\jre\bin\server\jvm.dll
0x00007ff974c30000 - 0x00007ff974cd3000 	C:\WINDOWS\System32\ADVAPI32.dll
0x00007ff974040000 - 0x00007ff9740d7000 	C:\WINDOWS\System32\sechost.dll
0x00007ff973770000 - 0x00007ff973778000 	C:\WINDOWS\System32\PSAPI.DLL
0x00007ff942690000 - 0x00007ff942699000 	C:\WINDOWS\SYSTEM32\WSOCK32.dll
0x00007ff96b7c0000 - 0x00007ff96b7ca000 	C:\WINDOWS\SYSTEM32\VERSION.dll
0x00007ff96ae00000 - 0x00007ff96ae24000 	C:\WINDOWS\SYSTEM32\WINMM.dll
0x00007ff974290000 - 0x00007ff9742ff000 	C:\WINDOWS\System32\WS2_32.dll
0x00007ff96adc0000 - 0x00007ff96aded000 	C:\WINDOWS\SYSTEM32\WINMMBASE.dll
0x00007ff972ad0000 - 0x00007ff972b1a000 	C:\WINDOWS\System32\cfgmgr32.dll
0x00007ff971bf0000 - 0x00007ff971c01000 	C:\WINDOWS\System32\kernel.appcore.dll
0x00007ff96ee40000 - 0x00007ff96ee4a000 	C:\Users\Jacob\.p2\pool\plugins\org.eclipse.justj.openjdk.hotspot.jre.full.win32.x86_64_14.0.2.v20200815-0932\jre\bin\jimage.dll
0x00007ff9705c0000 - 0x00007ff9707b4000 	C:\WINDOWS\SYSTEM32\DBGHELP.DLL
0x00007ff9681c0000 - 0x00007ff9681ea000 	C:\WINDOWS\SYSTEM32\dbgcore.DLL
0x00007ff9574c0000 - 0x00007ff9574e5000 	C:\Users\Jacob\.p2\pool\plugins\org.eclipse.justj.openjdk.hotspot.jre.full.win32.x86_64_14.0.2.v20200815-0932\jre\bin\java.dll
0x00007ff96ee00000 - 0x00007ff96ee16000 	C:\Users\Jacob\.p2\pool\plugins\org.eclipse.justj.openjdk.hotspot.jre.full.win32.x86_64_14.0.2.v20200815-0932\jre\bin\zip.dll

dbghelp: loaded successfully - version: 4.0.5 - missing functions: none
symbol engine: initialized successfully - sym options: 0x614 - pdb path: .;C:\Users\Jacob\.p2\pool\plugins\org.eclipse.justj.openjdk.hotspot.jre.full.win32.x86_64_14.0.2.v20200815-0932\jre\bin;C:\WINDOWS\SYSTEM32;C:\WINDOWS\WinSxS\amd64_microsoft.windows.common-controls_6595b64144ccf1df_6.0.18362.1139_none_9e7bf2d3e4605ac6;C:\Users\Jacob\.p2\pool\plugins\org.eclipse.justj.openjdk.hotspot.jre.full.win32.x86_64_14.0.2.v20200815-0932\jre\bin\server

VM Arguments:
jvm_args: -Dfile.encoding=Cp1252 -XX:+ShowCodeDetailsInExceptionMessages 
java_command: rationals.main
java_class_path (initial): D:\programs\eclipse\java-2020-09\eclipse\WorkSpace\rationals\bin
Launcher Type: SUN_STANDARD

[Global flags]
     intx CICompilerCount                          = 4                                         {product} {ergonomic}
     uint ConcGCThreads                            = 2                                         {product} {ergonomic}
     uint G1ConcRefinementThreads                  = 8                                         {product} {ergonomic}
   size_t G1HeapRegionSize                         = 1048576                                   {product} {ergonomic}
    uintx GCDrainStackTargetSize                   = 64                                        {product} {ergonomic}
   size_t InitialHeapSize                          = 266338304                                 {product} {ergonomic}
   size_t MarkStackSize                            = 4194304                                   {product} {ergonomic}
   size_t MaxHeapSize                              = 4259315712                                {product} {ergonomic}
   size_t MinHeapDeltaBytes                        = 1048576                                   {product} {ergonomic}
   size_t MinHeapSize                              = 8388608                                   {product} {ergonomic}
    uintx NonNMethodCodeHeapSize                   = 5839372                                {pd product} {ergonomic}
    uintx NonProfiledCodeHeapSize                  = 122909434                              {pd product} {ergonomic}
    uintx ProfiledCodeHeapSize                     = 122909434                              {pd product} {ergonomic}
    uintx ReservedCodeCacheSize                    = 251658240                              {pd product} {ergonomic}
     bool SegmentedCodeCache                       = true                                      {product} {ergonomic}
     bool ShowCodeDetailsInExceptionMessages       = true                                   {manageable} {command line}
   size_t SoftMaxHeapSize                          = 4259315712                             {manageable} {ergonomic}
     bool UseCompressedClassPointers               = true                                 {lp64_product} {ergonomic}
     bool UseCompressedOops                        = true                                 {lp64_product} {ergonomic}
     bool UseG1GC                                  = true                                      {product} {ergonomic}
     bool UseLargePagesIndividualAllocation        = false                                  {pd product} {ergonomic}

Logging:
Log output configuration:
 #0: stdout all=warning uptime,level,tags
 #1: stderr all=off uptime,level,tags

Environment Variables:
PATH=C:/Users/Jacob/.p2/pool/plugins/org.eclipse.justj.openjdk.hotspot.jre.full.win32.x86_64_14.0.2.v20200815-0932/jre/bin/server;C:/Users/Jacob/.p2/pool/plugins/org.eclipse.justj.openjdk.hotspot.jre.full.win32.x86_64_14.0.2.v20200815-0932/jre/bin;C:\Program Files (x86)\Common Files\Oracle\Java\javapath;C:\Program Files (x86)\Intel\iCLS Client\;C:\Program Files\Intel\iCLS Client\;C:\Windows\system32;C:\Windows;C:\Windows\System32\Wbem;C:\Windows\System32\WindowsPowerShell\v1.0\;C:\Program Files (x86)\Intel\Intel(R) Management Engine Components\DAL;C:\Program Files\Intel\Intel(R) Management Engine Components\DAL;C:\Program Files (x86)\Intel\Intel(R) Management Engine Components\IPT;C:\Program Files\Intel\Intel(R) Management Engine Components\IPT;C:\Program Files (x86)\NVIDIA Corporation\PhysX\Common;C:\WINDOWS\system32;C:\WINDOWS;C:\WINDOWS\System32\Wbem;C:\WINDOWS\System32\WindowsPowerShell\v1.0\;C:\Program Files (x86)\GtkSharp\2.12\bin;C:\Program Files\NVIDIA Corporation\NVIDIA NvDLISR;C:\WINDOWS\system32;C:\WINDOWS;C:\WINDOWS\System32\Wbem;C:\WINDOWS\System32\WindowsPowerShell\v1.0\;C:\WINDOWS\System32\OpenSSH\;C:\Program Files\dotnet\;C:\Users\Jacob\AppData\Local\Programs\Python\Python38-32\Scripts\;C:\Users\Jacob\AppData\Local\Programs\Python\Python38-32\;C:\Users\Jacob\AppData\Local\Microsoft\WindowsApps;C:\Users\Jacob\AppData\Local\Programs\Python\Python38-32;C:\Users\Jacob\AppData\Local\Programs\Python\Python37\Scripts;C:\Program Files\Tesseract-OCR;C:\Users\Jacob\AppData\Local\GitHubDesktop\bin;C:\Users\Jacob\Desktop;
USERNAME=Jacob
OS=Windows_NT
PROCESSOR_IDENTIFIER=Intel64 Family 6 Model 158 Stepping 9, GenuineIntel



---------------  S Y S T E M  ---------------

OS: Windows 10 , 64 bit Build 18362 (10.0.18362.1110)
OS uptime: 13 days 2:02 hours

CPU:total 8 (initial active 8) (4 cores per cpu, 2 threads per core) family 6 model 158 stepping 9, cmov, cx8, fxsr, mmx, sse, sse2, sse3, ssse3, sse4.1, sse4.2, popcnt, avx, avx2, aes, clmul, erms, 3dnowpref, lzcnt, ht, tsc, tscinvbit, bmi1, bmi2, adx, fma

Memory: 4k page, system-wide physical 16244M (5611M free)
TotalPageFile size 31347M (AvailPageFile size 175M)
current process WorkingSet (physical memory assigned to process): 10M, peak: 10M
current process commit charge ("private bytes"): 60M, peak: 314M

vm_info: OpenJDK 64-Bit Server VM (14.0.2+12-46) for windows-amd64 JRE (14.0.2+12-46), built on Jul  9 2020 00:31:16 by "mach5one" with MS VC++ 15.9 (VS2017)

END.
